{"total": {"lines":{"total":539,"covered":462,"skipped":0,"pct":85.71},"statements":{"total":539,"covered":462,"skipped":0,"pct":85.71},"functions":{"total":20,"covered":16,"skipped":0,"pct":80},"branches":{"total":112,"covered":86,"skipped":0,"pct":76.78},"branchesTrue":{"total":0,"covered":0,"skipped":0,"pct":100}}
,"C:\\Users\\konta\\Desktop\\groovy-language-server-fetch_classpath_from_gradle_configuration\\extension\\src\\main\\ts\\extension.ts": {"lines":{"total":491,"covered":414,"skipped":0,"pct":84.31},"functions":{"total":18,"covered":14,"skipped":0,"pct":77.77},"statements":{"total":491,"covered":414,"skipped":0,"pct":84.31},"branches":{"total":96,"covered":70,"skipped":0,"pct":72.91}}
,"C:\\Users\\konta\\Desktop\\groovy-language-server-fetch_classpath_from_gradle_configuration\\extension\\src\\main\\ts\\utils\\findJava.ts": {"lines":{"total":48,"covered":48,"skipped":0,"pct":100},"functions":{"total":2,"covered":2,"skipped":0,"pct":100},"statements":{"total":48,"covered":48,"skipped":0,"pct":100},"branches":{"total":16,"covered":16,"skipped":0,"pct":100}}
}
